<?xml version="1.0" encoding="UTF-8"?>
<testsuite name="com.example.globaltranslation.core.util.TextBlockGroupingUtilTest" tests="4" skipped="0" failures="0" errors="0" timestamp="2025-10-10T14:23:36.850Z" hostname="PAT" time="0.035">
  <properties/>
  <testcase name="handles single block correctly" classname="com.example.globaltranslation.core.util.TextBlockGroupingUtilTest" time="0.029"/>
  <testcase name="filters out excessive symbols" classname="com.example.globaltranslation.core.util.TextBlockGroupingUtilTest" time="0.0"/>
  <testcase name="filters out gibberish text" classname="com.example.globaltranslation.core.util.TextBlockGroupingUtilTest" time="0.001"/>
  <testcase name="returns empty list when all blocks are filtered" classname="com.example.globaltranslation.core.util.TextBlockGroupingUtilTest" time="0.0"/>
  <system-out><![CDATA[]]></system-out>
  <system-err><![CDATA[]]></system-err>
</testsuite>
